{"/Users/aliaksandrhrychonak/Desktop/tasks-ittransition/task4/backend/src/common/auth/services/auth.service.ts": {"path":"/Users/aliaksandrhrychonak/Desktop/tasks-ittransition/task4/backend/src/common/auth/services/auth.service.ts","statementMap":{"0":{"start":{"line":1,"column":0},"end":{"line":1,"column":44}},"1":{"start":{"line":2,"column":0},"end":{"line":2,"column":47}},"2":{"start":{"line":5,"column":0},"end":{"line":5,"column":78}},"3":{"start":{"line":6,"column":0},"end":{"line":6,"column":78}},"4":{"start":{"line":7,"column":0},"end":{"line":7,"column":82}},"5":{"start":{"line":8,"column":0},"end":{"line":8,"column":90}},"6":{"start":{"line":11,"column":7},"end":{"line":227,"column":null}},"7":{"start":{"line":34,"column":25},"end":{"line":34,"column":44}},"8":{"start":{"line":35,"column":25},"end":{"line":35,"column":44}},"9":{"start":{"line":36,"column":25},"end":{"line":36,"column":46}},"10":{"start":{"line":37,"column":25},"end":{"line":37,"column":50}},"11":{"start":{"line":38,"column":25},"end":{"line":38,"column":40}},"12":{"start":{"line":40,"column":8},"end":{"line":40,"column":97}},"13":{"start":{"line":41,"column":8},"end":{"line":41,"column":107}},"14":{"start":{"line":42,"column":8},"end":{"line":44,"column":10}},"15":{"start":{"line":45,"column":8},"end":{"line":45,"column":99}},"16":{"start":{"line":46,"column":8},"end":{"line":46,"column":97}},"17":{"start":{"line":48,"column":8},"end":{"line":48,"column":99}},"18":{"start":{"line":49,"column":8},"end":{"line":49,"column":109}},"19":{"start":{"line":50,"column":8},"end":{"line":52,"column":10}},"20":{"start":{"line":53,"column":8},"end":{"line":53,"column":101}},"21":{"start":{"line":54,"column":8},"end":{"line":54,"column":99}},"22":{"start":{"line":56,"column":8},"end":{"line":56,"column":91}},"23":{"start":{"line":57,"column":8},"end":{"line":57,"column":94}},"24":{"start":{"line":58,"column":8},"end":{"line":58,"column":70}},"25":{"start":{"line":59,"column":8},"end":{"line":59,"column":72}},"26":{"start":{"line":60,"column":8},"end":{"line":60,"column":68}},"27":{"start":{"line":62,"column":8},"end":{"line":62,"column":91}},"28":{"start":{"line":63,"column":8},"end":{"line":63,"column":93}},"29":{"start":{"line":67,"column":8},"end":{"line":71,"column":10}},"30":{"start":{"line":75,"column":8},"end":{"line":79,"column":33}},"31":{"start":{"line":83,"column":8},"end":{"line":93,"column":10}},"32":{"start":{"line":97,"column":8},"end":{"line":102,"column":11}},"33":{"start":{"line":106,"column":8},"end":{"line":106,"column":62}},"34":{"start":{"line":110,"column":8},"end":{"line":114,"column":10}},"35":{"start":{"line":118,"column":8},"end":{"line":122,"column":33}},"36":{"start":{"line":129,"column":8},"end":{"line":139,"column":10}},"37":{"start":{"line":143,"column":8},"end":{"line":148,"column":11}},"38":{"start":{"line":152,"column":8},"end":{"line":152,"column":62}},"39":{"start":{"line":156,"column":8},"end":{"line":156,"column":82}},"40":{"start":{"line":160,"column":8},"end":{"line":160,"column":20}},"41":{"start":{"line":164,"column":8},"end":{"line":168,"column":10}},"42":{"start":{"line":172,"column":8},"end":{"line":172,"column":57}},"43":{"start":{"line":176,"column":29},"end":{"line":176,"column":75}},"44":{"start":{"line":178,"column":38},"end":{"line":178,"column":101}},"45":{"start":{"line":179,"column":38},"end":{"line":179,"column":69}},"46":{"start":{"line":180,"column":29},"end":{"line":180,"column":74}},"47":{"start":{"line":181,"column":8},"end":{"line":186,"column":10}},"48":{"start":{"line":190,"column":8},"end":{"line":190,"column":51}},"49":{"start":{"line":194,"column":28},"end":{"line":194,"column":59}},"50":{"start":{"line":195,"column":45},"end":{"line":195,"column":91}},"51":{"start":{"line":197,"column":8},"end":{"line":197,"column":46}},"52":{"start":{"line":201,"column":8},"end":{"line":201,"column":40}},"53":{"start":{"line":205,"column":8},"end":{"line":205,"column":46}},"54":{"start":{"line":209,"column":8},"end":{"line":209,"column":47}},"55":{"start":{"line":213,"column":8},"end":{"line":213,"column":27}},"56":{"start":{"line":217,"column":8},"end":{"line":217,"column":29}},"57":{"start":{"line":221,"column":8},"end":{"line":221,"column":28}},"58":{"start":{"line":225,"column":8},"end":{"line":225,"column":38}},"59":{"start":{"line":11,"column":13},"end":{"line":227,"column":null}},"60":{"start":{"line":11,"column":13},"end":{"line":11,"column":24}}},"fnMap":{"0":{"name":"(anonymous_2)","decl":{"start":{"line":33,"column":4},"end":{"line":33,"column":null}},"loc":{"start":{"line":38,"column":53},"end":{"line":64,"column":5}}},"1":{"name":"(anonymous_3)","decl":{"start":{"line":66,"column":4},"end":{"line":66,"column":9}},"loc":{"start":{"line":66,"column":57},"end":{"line":72,"column":5}}},"2":{"name":"(anonymous_4)","decl":{"start":{"line":74,"column":4},"end":{"line":74,"column":9}},"loc":{"start":{"line":74,"column":58},"end":{"line":80,"column":5}}},"3":{"name":"(anonymous_5)","decl":{"start":{"line":82,"column":4},"end":{"line":82,"column":9}},"loc":{"start":{"line":82,"column":71},"end":{"line":94,"column":5}}},"4":{"name":"(anonymous_6)","decl":{"start":{"line":96,"column":4},"end":{"line":96,"column":9}},"loc":{"start":{"line":96,"column":43},"end":{"line":103,"column":5}}},"5":{"name":"(anonymous_7)","decl":{"start":{"line":105,"column":4},"end":{"line":105,"column":9}},"loc":{"start":{"line":105,"column":42},"end":{"line":107,"column":5}}},"6":{"name":"(anonymous_8)","decl":{"start":{"line":109,"column":4},"end":{"line":109,"column":9}},"loc":{"start":{"line":109,"column":58},"end":{"line":115,"column":5}}},"7":{"name":"(anonymous_9)","decl":{"start":{"line":117,"column":4},"end":{"line":117,"column":9}},"loc":{"start":{"line":117,"column":59},"end":{"line":123,"column":5}}},"8":{"name":"(anonymous_10)","decl":{"start":{"line":125,"column":4},"end":{"line":125,"column":9}},"loc":{"start":{"line":127,"column":42},"end":{"line":140,"column":5}}},"9":{"name":"(anonymous_11)","decl":{"start":{"line":142,"column":4},"end":{"line":142,"column":9}},"loc":{"start":{"line":142,"column":44},"end":{"line":149,"column":5}}},"10":{"name":"(anonymous_12)","decl":{"start":{"line":151,"column":4},"end":{"line":151,"column":9}},"loc":{"start":{"line":151,"column":43},"end":{"line":153,"column":5}}},"11":{"name":"(anonymous_13)","decl":{"start":{"line":155,"column":4},"end":{"line":155,"column":9}},"loc":{"start":{"line":155,"column":67},"end":{"line":157,"column":5}}},"12":{"name":"(anonymous_14)","decl":{"start":{"line":159,"column":4},"end":{"line":159,"column":9}},"loc":{"start":{"line":159,"column":60},"end":{"line":161,"column":5}}},"13":{"name":"(anonymous_15)","decl":{"start":{"line":163,"column":4},"end":{"line":163,"column":9}},"loc":{"start":{"line":163,"column":77},"end":{"line":169,"column":5}}},"14":{"name":"(anonymous_16)","decl":{"start":{"line":171,"column":4},"end":{"line":171,"column":9}},"loc":{"start":{"line":171,"column":35},"end":{"line":173,"column":5}}},"15":{"name":"(anonymous_17)","decl":{"start":{"line":175,"column":4},"end":{"line":175,"column":9}},"loc":{"start":{"line":175,"column":41},"end":{"line":187,"column":5}}},"16":{"name":"(anonymous_18)","decl":{"start":{"line":189,"column":4},"end":{"line":189,"column":9}},"loc":{"start":{"line":189,"column":30},"end":{"line":191,"column":5}}},"17":{"name":"(anonymous_19)","decl":{"start":{"line":193,"column":4},"end":{"line":193,"column":9}},"loc":{"start":{"line":193,"column":52},"end":{"line":198,"column":5}}},"18":{"name":"(anonymous_20)","decl":{"start":{"line":200,"column":4},"end":{"line":200,"column":9}},"loc":{"start":{"line":200,"column":22},"end":{"line":202,"column":5}}},"19":{"name":"(anonymous_21)","decl":{"start":{"line":204,"column":4},"end":{"line":204,"column":9}},"loc":{"start":{"line":204,"column":38},"end":{"line":206,"column":5}}},"20":{"name":"(anonymous_22)","decl":{"start":{"line":208,"column":4},"end":{"line":208,"column":9}},"loc":{"start":{"line":208,"column":39},"end":{"line":210,"column":5}}},"21":{"name":"(anonymous_23)","decl":{"start":{"line":212,"column":4},"end":{"line":212,"column":9}},"loc":{"start":{"line":212,"column":19},"end":{"line":214,"column":5}}},"22":{"name":"(anonymous_24)","decl":{"start":{"line":216,"column":4},"end":{"line":216,"column":9}},"loc":{"start":{"line":216,"column":21},"end":{"line":218,"column":5}}},"23":{"name":"(anonymous_25)","decl":{"start":{"line":220,"column":4},"end":{"line":220,"column":9}},"loc":{"start":{"line":220,"column":20},"end":{"line":222,"column":5}}},"24":{"name":"(anonymous_26)","decl":{"start":{"line":224,"column":4},"end":{"line":224,"column":9}},"loc":{"start":{"line":224,"column":30},"end":{"line":226,"column":5}}}},"branchMap":{"0":{"loc":{"start":{"line":134,"column":27},"end":{"line":134,"column":103}},"type":"binary-expr","locations":[{"start":{"line":134,"column":27},"end":{"line":134,"column":59}},{"start":{"line":134,"column":63},"end":{"line":134,"column":103}}]}},"s":{"0":1,"1":1,"2":1,"3":1,"4":1,"5":1,"6":1,"7":24,"8":24,"9":24,"10":24,"11":24,"12":24,"13":24,"14":24,"15":24,"16":24,"17":24,"18":24,"19":24,"20":24,"21":24,"22":24,"23":24,"24":24,"25":24,"26":24,"27":24,"28":24,"29":1,"30":1,"31":1,"32":1,"33":1,"34":1,"35":1,"36":1,"37":1,"38":1,"39":2,"40":1,"41":1,"42":1,"43":1,"44":1,"45":1,"46":1,"47":1,"48":1,"49":1,"50":1,"51":1,"52":1,"53":1,"54":1,"55":1,"56":1,"57":1,"58":1,"59":1,"60":1},"f":{"0":24,"1":1,"2":1,"3":1,"4":1,"5":1,"6":1,"7":1,"8":1,"9":1,"10":1,"11":2,"12":1,"13":1,"14":1,"15":1,"16":1,"17":1,"18":1,"19":1,"20":1,"21":1,"22":1,"23":1,"24":1},"b":{"0":[1,1]}}
,"/Users/aliaksandrhrychonak/Desktop/tasks-ittransition/task4/backend/src/common/helper/services/helper.array.service.ts": {"path":"/Users/aliaksandrhrychonak/Desktop/tasks-ittransition/task4/backend/src/common/helper/services/helper.array.service.ts","statementMap":{"0":{"start":{"line":1,"column":0},"end":{"line":1,"column":44}},"1":{"start":{"line":2,"column":0},"end":{"line":2,"column":28}},"2":{"start":{"line":7,"column":7},"end":{"line":127,"column":null}},"3":{"start":{"line":9,"column":8},"end":{"line":9,"column":35}},"4":{"start":{"line":13,"column":8},"end":{"line":13,"column":46}},"5":{"start":{"line":17,"column":8},"end":{"line":17,"column":37}},"6":{"start":{"line":21,"column":8},"end":{"line":21,"column":42}},"7":{"start":{"line":25,"column":8},"end":{"line":25,"column":29}},"8":{"start":{"line":29,"column":8},"end":{"line":29,"column":29}},"9":{"start":{"line":33,"column":8},"end":{"line":33,"column":39}},"10":{"start":{"line":37,"column":8},"end":{"line":37,"column":43}},"11":{"start":{"line":41,"column":24},"end":{"line":43,"column":10}},"12":{"start":{"line":42,"column":12},"end":{"line":42,"column":31}},"13":{"start":{"line":45,"column":8},"end":{"line":45,"column":42}},"14":{"start":{"line":49,"column":8},"end":{"line":49,"column":37}},"15":{"start":{"line":53,"column":8},"end":{"line":53,"column":42}},"16":{"start":{"line":57,"column":8},"end":{"line":57,"column":40}},"17":{"start":{"line":61,"column":8},"end":{"line":61,"column":32}},"18":{"start":{"line":65,"column":8},"end":{"line":65,"column":29}},"19":{"start":{"line":69,"column":8},"end":{"line":69,"column":32}},"20":{"start":{"line":73,"column":8},"end":{"line":73,"column":30}},"21":{"start":{"line":77,"column":8},"end":{"line":77,"column":29}},"22":{"start":{"line":81,"column":8},"end":{"line":81,"column":55}},"23":{"start":{"line":81,"column":40},"end":{"line":81,"column":53}},"24":{"start":{"line":85,"column":8},"end":{"line":85,"column":39}},"25":{"start":{"line":89,"column":8},"end":{"line":89,"column":27}},"26":{"start":{"line":93,"column":8},"end":{"line":93,"column":36}},"27":{"start":{"line":97,"column":8},"end":{"line":97,"column":31}},"28":{"start":{"line":101,"column":8},"end":{"line":101,"column":32}},"29":{"start":{"line":105,"column":8},"end":{"line":105,"column":47}},"30":{"start":{"line":109,"column":8},"end":{"line":109,"column":49}},"31":{"start":{"line":113,"column":8},"end":{"line":113,"column":32}},"32":{"start":{"line":117,"column":8},"end":{"line":117,"column":35}},"33":{"start":{"line":121,"column":8},"end":{"line":121,"column":34}},"34":{"start":{"line":125,"column":8},"end":{"line":125,"column":46}},"35":{"start":{"line":7,"column":13},"end":{"line":127,"column":null}},"36":{"start":{"line":7,"column":13},"end":{"line":7,"column":31}}},"fnMap":{"0":{"name":"(anonymous_1)","decl":{"start":{"line":8,"column":4},"end":{"line":8,"column":18}},"loc":{"start":{"line":8,"column":47},"end":{"line":10,"column":5}}},"1":{"name":"(anonymous_2)","decl":{"start":{"line":12,"column":4},"end":{"line":12,"column":19}},"loc":{"start":{"line":12,"column":48},"end":{"line":14,"column":5}}},"2":{"name":"(anonymous_3)","decl":{"start":{"line":16,"column":4},"end":{"line":16,"column":19}},"loc":{"start":{"line":16,"column":49},"end":{"line":18,"column":5}}},"3":{"name":"(anonymous_4)","decl":{"start":{"line":20,"column":4},"end":{"line":20,"column":20}},"loc":{"start":{"line":20,"column":50},"end":{"line":22,"column":5}}},"4":{"name":"(anonymous_5)","decl":{"start":{"line":24,"column":4},"end":{"line":24,"column":11}},"loc":{"start":{"line":24,"column":25},"end":{"line":26,"column":5}}},"5":{"name":"(anonymous_6)","decl":{"start":{"line":28,"column":4},"end":{"line":28,"column":12}},"loc":{"start":{"line":28,"column":26},"end":{"line":30,"column":5}}},"6":{"name":"(anonymous_7)","decl":{"start":{"line":32,"column":4},"end":{"line":32,"column":24}},"loc":{"start":{"line":32,"column":48},"end":{"line":34,"column":5}}},"7":{"name":"(anonymous_8)","decl":{"start":{"line":36,"column":4},"end":{"line":36,"column":23}},"loc":{"start":{"line":36,"column":47},"end":{"line":38,"column":5}}},"8":{"name":"(anonymous_9)","decl":{"start":{"line":40,"column":4},"end":{"line":40,"column":17}},"loc":{"start":{"line":40,"column":41},"end":{"line":46,"column":5}}},"9":{"name":"(anonymous_10)","decl":{"start":{"line":41,"column":40},"end":{"line":41,"column":50}},"loc":{"start":{"line":41,"column":51},"end":{"line":43,"column":9}}},"10":{"name":"(anonymous_11)","decl":{"start":{"line":48,"column":4},"end":{"line":48,"column":22}},"loc":{"start":{"line":48,"column":52},"end":{"line":50,"column":5}}},"11":{"name":"(anonymous_12)","decl":{"start":{"line":52,"column":4},"end":{"line":52,"column":23}},"loc":{"start":{"line":52,"column":58},"end":{"line":54,"column":5}}},"12":{"name":"(anonymous_13)","decl":{"start":{"line":56,"column":4},"end":{"line":56,"column":16}},"loc":{"start":{"line":56,"column":54},"end":{"line":58,"column":5}}},"13":{"name":"(anonymous_14)","decl":{"start":{"line":60,"column":4},"end":{"line":60,"column":11}},"loc":{"start":{"line":60,"column":25},"end":{"line":62,"column":5}}},"14":{"name":"(anonymous_15)","decl":{"start":{"line":64,"column":4},"end":{"line":64,"column":10}},"loc":{"start":{"line":64,"column":24},"end":{"line":66,"column":5}}},"15":{"name":"(anonymous_16)","decl":{"start":{"line":68,"column":4},"end":{"line":68,"column":11}},"loc":{"start":{"line":68,"column":25},"end":{"line":70,"column":5}}},"16":{"name":"(anonymous_17)","decl":{"start":{"line":72,"column":4},"end":{"line":72,"column":9}},"loc":{"start":{"line":72,"column":27},"end":{"line":74,"column":5}}},"17":{"name":"(anonymous_18)","decl":{"start":{"line":76,"column":4},"end":{"line":76,"column":15}},"loc":{"start":{"line":76,"column":33},"end":{"line":78,"column":5}}},"18":{"name":"(anonymous_19)","decl":{"start":{"line":80,"column":4},"end":{"line":80,"column":24}},"loc":{"start":{"line":80,"column":48},"end":{"line":82,"column":5}}},"19":{"name":"(anonymous_20)","decl":{"start":{"line":81,"column":31},"end":{"line":81,"column":32}},"loc":{"start":{"line":81,"column":40},"end":{"line":81,"column":53}}},"20":{"name":"(anonymous_21)","decl":{"start":{"line":84,"column":4},"end":{"line":84,"column":27}},"loc":{"start":{"line":84,"column":51},"end":{"line":86,"column":5}}},"21":{"name":"(anonymous_22)","decl":{"start":{"line":88,"column":4},"end":{"line":88,"column":33}},"loc":{"start":{"line":88,"column":51},"end":{"line":90,"column":5}}},"22":{"name":"(anonymous_23)","decl":{"start":{"line":92,"column":4},"end":{"line":92,"column":30}},"loc":{"start":{"line":92,"column":48},"end":{"line":94,"column":5}}},"23":{"name":"(anonymous_24)","decl":{"start":{"line":96,"column":4},"end":{"line":96,"column":10}},"loc":{"start":{"line":96,"column":28},"end":{"line":98,"column":5}}},"24":{"name":"(anonymous_25)","decl":{"start":{"line":100,"column":4},"end":{"line":100,"column":13}},"loc":{"start":{"line":100,"column":31},"end":{"line":102,"column":5}}},"25":{"name":"(anonymous_26)","decl":{"start":{"line":104,"column":4},"end":{"line":104,"column":6}},"loc":{"start":{"line":104,"column":24},"end":{"line":106,"column":5}}},"26":{"name":"(anonymous_27)","decl":{"start":{"line":108,"column":4},"end":{"line":108,"column":9}},"loc":{"start":{"line":108,"column":27},"end":{"line":110,"column":5}}},"27":{"name":"(anonymous_28)","decl":{"start":{"line":112,"column":4},"end":{"line":112,"column":12}},"loc":{"start":{"line":112,"column":28},"end":{"line":114,"column":5}}},"28":{"name":"(anonymous_29)","decl":{"start":{"line":116,"column":4},"end":{"line":116,"column":9}},"loc":{"start":{"line":116,"column":33},"end":{"line":118,"column":5}}},"29":{"name":"(anonymous_30)","decl":{"start":{"line":120,"column":4},"end":{"line":120,"column":14}},"loc":{"start":{"line":120,"column":32},"end":{"line":122,"column":5}}},"30":{"name":"(anonymous_31)","decl":{"start":{"line":124,"column":4},"end":{"line":124,"column":16}},"loc":{"start":{"line":124,"column":53},"end":{"line":126,"column":5}}}},"branchMap":{},"s":{"0":1,"1":1,"2":1,"3":1,"4":1,"5":1,"6":1,"7":1,"8":1,"9":1,"10":1,"11":1,"12":4,"13":1,"14":1,"15":1,"16":1,"17":0,"18":1,"19":1,"20":1,"21":1,"22":1,"23":3,"24":1,"25":1,"26":1,"27":2,"28":2,"29":2,"30":2,"31":2,"32":1,"33":0,"34":0,"35":1,"36":1},"f":{"0":1,"1":1,"2":1,"3":1,"4":1,"5":1,"6":1,"7":1,"8":1,"9":4,"10":1,"11":1,"12":1,"13":0,"14":1,"15":1,"16":1,"17":1,"18":1,"19":3,"20":1,"21":1,"22":1,"23":2,"24":2,"25":2,"26":2,"27":2,"28":1,"29":0,"30":0},"b":{}}
,"/Users/aliaksandrhrychonak/Desktop/tasks-ittransition/task4/backend/src/common/helper/services/helper.date.service.ts": {"path":"/Users/aliaksandrhrychonak/Desktop/tasks-ittransition/task4/backend/src/common/helper/services/helper.date.service.ts","statementMap":{"0":{"start":{"line":1,"column":0},"end":{"line":1,"column":44}},"1":{"start":{"line":2,"column":0},"end":{"line":2,"column":33}},"2":{"start":{"line":3,"column":0},"end":{"line":3,"column":99}},"3":{"start":{"line":18,"column":7},"end":{"line":216,"column":null}},"4":{"start":{"line":20,"column":18},"end":{"line":20,"column":26}},"5":{"start":{"line":22,"column":8},"end":{"line":24,"column":null}},"6":{"start":{"line":23,"column":12},"end":{"line":23,"column":32}},"7":{"start":{"line":26,"column":8},"end":{"line":26,"column":44}},"8":{"start":{"line":30,"column":25},"end":{"line":30,"column":40}},"9":{"start":{"line":31,"column":25},"end":{"line":31,"column":55}},"10":{"start":{"line":32,"column":21},"end":{"line":32,"column":61}},"11":{"start":{"line":34,"column":8},"end":{"line":44,"column":null}},"12":{"start":{"line":35,"column":12},"end":{"line":35,"column":41}},"13":{"start":{"line":36,"column":15},"end":{"line":44,"column":null}},"14":{"start":{"line":37,"column":12},"end":{"line":37,"column":36}},"15":{"start":{"line":38,"column":15},"end":{"line":44,"column":null}},"16":{"start":{"line":39,"column":12},"end":{"line":39,"column":34}},"17":{"start":{"line":40,"column":15},"end":{"line":44,"column":null}},"18":{"start":{"line":41,"column":12},"end":{"line":41,"column":36}},"19":{"start":{"line":43,"column":12},"end":{"line":43,"column":33}},"20":{"start":{"line":48,"column":8},"end":{"line":48,"column":58}},"21":{"start":{"line":52,"column":8},"end":{"line":52,"column":61}},"22":{"start":{"line":56,"column":8},"end":{"line":56,"column":49}},"23":{"start":{"line":60,"column":22},"end":{"line":60,"column":47}},"24":{"start":{"line":62,"column":8},"end":{"line":64,"column":null}},"25":{"start":{"line":63,"column":12},"end":{"line":63,"column":33}},"26":{"start":{"line":66,"column":8},"end":{"line":66,"column":30}},"27":{"start":{"line":70,"column":22},"end":{"line":70,"column":47}},"28":{"start":{"line":72,"column":8},"end":{"line":74,"column":null}},"29":{"start":{"line":73,"column":12},"end":{"line":73,"column":33}},"30":{"start":{"line":76,"column":8},"end":{"line":76,"column":31}},"31":{"start":{"line":80,"column":8},"end":{"line":80,"column":84}},"32":{"start":{"line":84,"column":8},"end":{"line":84,"column":74}},"33":{"start":{"line":88,"column":8},"end":{"line":88,"column":79}},"34":{"start":{"line":92,"column":8},"end":{"line":92,"column":68}},"35":{"start":{"line":96,"column":8},"end":{"line":96,"column":73}},"36":{"start":{"line":100,"column":8},"end":{"line":100,"column":68}},"37":{"start":{"line":104,"column":8},"end":{"line":104,"column":73}},"38":{"start":{"line":108,"column":8},"end":{"line":108,"column":66}},"39":{"start":{"line":112,"column":8},"end":{"line":112,"column":71}},"40":{"start":{"line":116,"column":8},"end":{"line":116,"column":65}},"41":{"start":{"line":120,"column":8},"end":{"line":120,"column":70}},"42":{"start":{"line":124,"column":8},"end":{"line":124,"column":67}},"43":{"start":{"line":128,"column":8},"end":{"line":128,"column":72}},"44":{"start":{"line":132,"column":8},"end":{"line":132,"column":52}},"45":{"start":{"line":136,"column":8},"end":{"line":136,"column":54}},"46":{"start":{"line":140,"column":8},"end":{"line":140,"column":51}},"47":{"start":{"line":144,"column":8},"end":{"line":144,"column":53}},"48":{"start":{"line":148,"column":8},"end":{"line":148,"column":50}},"49":{"start":{"line":152,"column":8},"end":{"line":152,"column":52}},"50":{"start":{"line":156,"column":24},"end":{"line":156,"column":41}},"51":{"start":{"line":157,"column":28},"end":{"line":159,"column":10}},"52":{"start":{"line":160,"column":30},"end":{"line":162,"column":10}},"53":{"start":{"line":163,"column":29},"end":{"line":165,"column":10}},"54":{"start":{"line":167,"column":8},"end":{"line":172,"column":10}},"55":{"start":{"line":176,"column":22},"end":{"line":176,"column":58}},"56":{"start":{"line":178,"column":8},"end":{"line":180,"column":null}},"57":{"start":{"line":179,"column":12},"end":{"line":179,"column":35}},"58":{"start":{"line":182,"column":8},"end":{"line":184,"column":null}},"59":{"start":{"line":183,"column":12},"end":{"line":183,"column":37}},"60":{"start":{"line":186,"column":8},"end":{"line":188,"column":null}},"61":{"start":{"line":187,"column":12},"end":{"line":187,"column":37}},"62":{"start":{"line":190,"column":8},"end":{"line":190,"column":30}},"63":{"start":{"line":194,"column":22},"end":{"line":194,"column":30}},"64":{"start":{"line":195,"column":27},"end":{"line":195,"column":75}},"65":{"start":{"line":196,"column":26},"end":{"line":196,"column":73}},"66":{"start":{"line":198,"column":21},"end":{"line":198,"column":47}},"67":{"start":{"line":199,"column":22},"end":{"line":199,"column":50}},"68":{"start":{"line":201,"column":21},"end":{"line":201,"column":64}},"69":{"start":{"line":202,"column":30},"end":{"line":202,"column":60}},"70":{"start":{"line":203,"column":28},"end":{"line":203,"column":56}},"71":{"start":{"line":205,"column":8},"end":{"line":209,"column":null}},"72":{"start":{"line":206,"column":25},"end":{"line":206,"column":68}},"73":{"start":{"line":207,"column":12},"end":{"line":207,"column":55}},"74":{"start":{"line":208,"column":12},"end":{"line":208,"column":51}},"75":{"start":{"line":211,"column":8},"end":{"line":214,"column":10}},"76":{"start":{"line":18,"column":13},"end":{"line":216,"column":null}},"77":{"start":{"line":18,"column":13},"end":{"line":18,"column":30}}},"fnMap":{"0":{"name":"(anonymous_1)","decl":{"start":{"line":19,"column":4},"end":{"line":19,"column":16}},"loc":{"start":{"line":19,"column":49},"end":{"line":27,"column":5}}},"1":{"name":"(anonymous_2)","decl":{"start":{"line":29,"column":4},"end":{"line":29,"column":8}},"loc":{"start":{"line":29,"column":86},"end":{"line":45,"column":5}}},"2":{"name":"(anonymous_3)","decl":{"start":{"line":47,"column":4},"end":{"line":47,"column":9}},"loc":{"start":{"line":47,"column":38},"end":{"line":49,"column":5}}},"3":{"name":"(anonymous_4)","decl":{"start":{"line":51,"column":4},"end":{"line":51,"column":17}},"loc":{"start":{"line":51,"column":46},"end":{"line":53,"column":5}}},"4":{"name":"(anonymous_5)","decl":{"start":{"line":55,"column":4},"end":{"line":55,"column":18}},"loc":{"start":{"line":55,"column":36},"end":{"line":57,"column":5}}},"5":{"name":"(anonymous_6)","decl":{"start":{"line":59,"column":4},"end":{"line":59,"column":10}},"loc":{"start":{"line":59,"column":76},"end":{"line":67,"column":5}}},"6":{"name":"(anonymous_7)","decl":{"start":{"line":69,"column":4},"end":{"line":69,"column":13}},"loc":{"start":{"line":69,"column":79},"end":{"line":77,"column":5}}},"7":{"name":"(anonymous_8)","decl":{"start":{"line":79,"column":4},"end":{"line":79,"column":10}},"loc":{"start":{"line":79,"column":57},"end":{"line":81,"column":5}}},"8":{"name":"(anonymous_9)","decl":{"start":{"line":83,"column":4},"end":{"line":83,"column":25}},"loc":{"start":{"line":83,"column":83},"end":{"line":85,"column":5}}},"9":{"name":"(anonymous_10)","decl":{"start":{"line":87,"column":4},"end":{"line":87,"column":26}},"loc":{"start":{"line":87,"column":85},"end":{"line":89,"column":5}}},"10":{"name":"(anonymous_11)","decl":{"start":{"line":91,"column":4},"end":{"line":91,"column":20}},"loc":{"start":{"line":91,"column":73},"end":{"line":93,"column":5}}},"11":{"name":"(anonymous_12)","decl":{"start":{"line":95,"column":4},"end":{"line":95,"column":21}},"loc":{"start":{"line":95,"column":75},"end":{"line":97,"column":5}}},"12":{"name":"(anonymous_13)","decl":{"start":{"line":99,"column":4},"end":{"line":99,"column":20}},"loc":{"start":{"line":99,"column":73},"end":{"line":101,"column":5}}},"13":{"name":"(anonymous_14)","decl":{"start":{"line":103,"column":4},"end":{"line":103,"column":21}},"loc":{"start":{"line":103,"column":75},"end":{"line":105,"column":5}}},"14":{"name":"(anonymous_15)","decl":{"start":{"line":107,"column":4},"end":{"line":107,"column":18}},"loc":{"start":{"line":107,"column":69},"end":{"line":109,"column":5}}},"15":{"name":"(anonymous_16)","decl":{"start":{"line":111,"column":4},"end":{"line":111,"column":19}},"loc":{"start":{"line":111,"column":71},"end":{"line":113,"column":5}}},"16":{"name":"(anonymous_17)","decl":{"start":{"line":115,"column":4},"end":{"line":115,"column":17}},"loc":{"start":{"line":115,"column":67},"end":{"line":117,"column":5}}},"17":{"name":"(anonymous_18)","decl":{"start":{"line":119,"column":4},"end":{"line":119,"column":18}},"loc":{"start":{"line":119,"column":69},"end":{"line":121,"column":5}}},"18":{"name":"(anonymous_19)","decl":{"start":{"line":123,"column":4},"end":{"line":123,"column":19}},"loc":{"start":{"line":123,"column":71},"end":{"line":125,"column":5}}},"19":{"name":"(anonymous_20)","decl":{"start":{"line":127,"column":4},"end":{"line":127,"column":20}},"loc":{"start":{"line":127,"column":73},"end":{"line":129,"column":5}}},"20":{"name":"(anonymous_21)","decl":{"start":{"line":131,"column":4},"end":{"line":131,"column":14}},"loc":{"start":{"line":131,"column":26},"end":{"line":133,"column":5}}},"21":{"name":"(anonymous_22)","decl":{"start":{"line":135,"column":4},"end":{"line":135,"column":16}},"loc":{"start":{"line":135,"column":28},"end":{"line":137,"column":5}}},"22":{"name":"(anonymous_23)","decl":{"start":{"line":139,"column":4},"end":{"line":139,"column":13}},"loc":{"start":{"line":139,"column":25},"end":{"line":141,"column":5}}},"23":{"name":"(anonymous_24)","decl":{"start":{"line":143,"column":4},"end":{"line":143,"column":15}},"loc":{"start":{"line":143,"column":27},"end":{"line":145,"column":5}}},"24":{"name":"(anonymous_25)","decl":{"start":{"line":147,"column":4},"end":{"line":147,"column":12}},"loc":{"start":{"line":147,"column":24},"end":{"line":149,"column":5}}},"25":{"name":"(anonymous_26)","decl":{"start":{"line":151,"column":4},"end":{"line":151,"column":14}},"loc":{"start":{"line":151,"column":26},"end":{"line":153,"column":5}}},"26":{"name":"(anonymous_27)","decl":{"start":{"line":155,"column":4},"end":{"line":155,"column":15}},"loc":{"start":{"line":155,"column":44},"end":{"line":173,"column":5}}},"27":{"name":"(anonymous_28)","decl":{"start":{"line":175,"column":4},"end":{"line":175,"column":13}},"loc":{"start":{"line":175,"column":63},"end":{"line":191,"column":5}}},"28":{"name":"(anonymous_29)","decl":{"start":{"line":193,"column":4},"end":{"line":193,"column":22}},"loc":{"start":{"line":193,"column":55},"end":{"line":215,"column":5}}}},"branchMap":{"0":{"loc":{"start":{"line":22,"column":8},"end":{"line":24,"column":null}},"type":"if","locations":[{"start":{"line":22,"column":8},"end":{"line":24,"column":null}}]},"1":{"loc":{"start":{"line":34,"column":8},"end":{"line":44,"column":null}},"type":"if","locations":[{"start":{"line":34,"column":8},"end":{"line":44,"column":null}},{"start":{"line":36,"column":15},"end":{"line":44,"column":null}}]},"2":{"loc":{"start":{"line":36,"column":15},"end":{"line":44,"column":null}},"type":"if","locations":[{"start":{"line":36,"column":15},"end":{"line":44,"column":null}},{"start":{"line":38,"column":15},"end":{"line":44,"column":null}}]},"3":{"loc":{"start":{"line":38,"column":15},"end":{"line":44,"column":null}},"type":"if","locations":[{"start":{"line":38,"column":15},"end":{"line":44,"column":null}},{"start":{"line":40,"column":15},"end":{"line":44,"column":null}}]},"4":{"loc":{"start":{"line":40,"column":15},"end":{"line":44,"column":null}},"type":"if","locations":[{"start":{"line":40,"column":15},"end":{"line":44,"column":null}},{"start":{"line":42,"column":15},"end":{"line":44,"column":null}}]},"5":{"loc":{"start":{"line":60,"column":29},"end":{"line":60,"column":46}},"type":"binary-expr","locations":[{"start":{"line":60,"column":29},"end":{"line":60,"column":33}},{"start":{"line":60,"column":37},"end":{"line":60,"column":46}}]},"6":{"loc":{"start":{"line":62,"column":8},"end":{"line":64,"column":null}},"type":"if","locations":[{"start":{"line":62,"column":8},"end":{"line":64,"column":null}}]},"7":{"loc":{"start":{"line":70,"column":29},"end":{"line":70,"column":46}},"type":"binary-expr","locations":[{"start":{"line":70,"column":29},"end":{"line":70,"column":33}},{"start":{"line":70,"column":37},"end":{"line":70,"column":46}}]},"8":{"loc":{"start":{"line":72,"column":8},"end":{"line":74,"column":null}},"type":"if","locations":[{"start":{"line":72,"column":8},"end":{"line":74,"column":null}}]},"9":{"loc":{"start":{"line":80,"column":35},"end":{"line":80,"column":82}},"type":"binary-expr","locations":[{"start":{"line":80,"column":35},"end":{"line":80,"column":50}},{"start":{"line":80,"column":54},"end":{"line":80,"column":82}}]},"10":{"loc":{"start":{"line":178,"column":8},"end":{"line":180,"column":null}},"type":"if","locations":[{"start":{"line":178,"column":8},"end":{"line":180,"column":null}}]},"11":{"loc":{"start":{"line":182,"column":8},"end":{"line":184,"column":null}},"type":"if","locations":[{"start":{"line":182,"column":8},"end":{"line":184,"column":null}}]},"12":{"loc":{"start":{"line":186,"column":8},"end":{"line":188,"column":null}},"type":"if","locations":[{"start":{"line":186,"column":8},"end":{"line":188,"column":null}}]},"13":{"loc":{"start":{"line":198,"column":21},"end":{"line":198,"column":47}},"type":"binary-expr","locations":[{"start":{"line":198,"column":21},"end":{"line":198,"column":34}},{"start":{"line":198,"column":38},"end":{"line":198,"column":47}}]},"14":{"loc":{"start":{"line":199,"column":22},"end":{"line":199,"column":50}},"type":"binary-expr","locations":[{"start":{"line":199,"column":22},"end":{"line":199,"column":36}},{"start":{"line":199,"column":40},"end":{"line":199,"column":50}}]},"15":{"loc":{"start":{"line":205,"column":8},"end":{"line":209,"column":null}},"type":"if","locations":[{"start":{"line":205,"column":8},"end":{"line":209,"column":null}}]}},"s":{"0":2,"1":2,"2":2,"3":2,"4":1,"5":1,"6":1,"7":1,"8":5,"9":5,"10":5,"11":5,"12":1,"13":4,"14":1,"15":3,"16":1,"17":2,"18":1,"19":1,"20":2,"21":3,"22":1,"23":9,"24":9,"25":2,"26":9,"27":2,"28":2,"29":1,"30":2,"31":5,"32":1,"33":1,"34":2,"35":1,"36":1,"37":1,"38":1,"39":1,"40":1,"41":1,"42":1,"43":1,"44":1,"45":1,"46":1,"47":1,"48":1,"49":1,"50":1,"51":1,"52":1,"53":1,"54":1,"55":1,"56":1,"57":1,"58":1,"59":1,"60":1,"61":1,"62":1,"63":2,"64":2,"65":2,"66":2,"67":2,"68":2,"69":2,"70":2,"71":2,"72":1,"73":1,"74":1,"75":2,"76":2,"77":2},"f":{"0":1,"1":5,"2":2,"3":3,"4":1,"5":9,"6":2,"7":5,"8":1,"9":1,"10":2,"11":1,"12":1,"13":1,"14":1,"15":1,"16":1,"17":1,"18":1,"19":1,"20":1,"21":1,"22":1,"23":1,"24":1,"25":1,"26":1,"27":1,"28":2},"b":{"0":[1],"1":[1,4],"2":[1,3],"3":[1,2],"4":[1,1],"5":[9,5],"6":[2],"7":[2,1],"8":[1],"9":[5,1],"10":[1],"11":[1],"12":[1],"13":[2,1],"14":[2,1],"15":[1]}}
,"/Users/aliaksandrhrychonak/Desktop/tasks-ittransition/task4/backend/src/common/helper/services/helper.encryption.service.ts": {"path":"/Users/aliaksandrhrychonak/Desktop/tasks-ittransition/task4/backend/src/common/helper/services/helper.encryption.service.ts","statementMap":{"0":{"start":{"line":1,"column":0},"end":{"line":1,"column":44}},"1":{"start":{"line":2,"column":0},"end":{"line":2,"column":41}},"2":{"start":{"line":3,"column":0},"end":{"line":3,"column":48}},"3":{"start":{"line":11,"column":7},"end":{"line":87,"column":null}},"4":{"start":{"line":12,"column":31},"end":{"line":12,"column":43}},"5":{"start":{"line":15,"column":25},"end":{"line":15,"column":50}},"6":{"start":{"line":16,"column":4},"end":{"line":16,"column":35}},"7":{"start":{"line":20,"column":25},"end":{"line":20,"column":52}},"8":{"start":{"line":21,"column":4},"end":{"line":21,"column":33}},"9":{"start":{"line":25,"column":4},"end":{"line":25,"column":46}},"10":{"start":{"line":33,"column":16},"end":{"line":33,"column":34}},"11":{"start":{"line":34,"column":19},"end":{"line":38,"column":6}},"12":{"start":{"line":40,"column":4},"end":{"line":40,"column":29}},"13":{"start":{"line":48,"column":16},"end":{"line":48,"column":34}},"14":{"start":{"line":49,"column":19},"end":{"line":53,"column":6}},"15":{"start":{"line":55,"column":4},"end":{"line":55,"column":49}},"16":{"start":{"line":59,"column":4},"end":{"line":66,"column":7}},"17":{"start":{"line":70,"column":4},"end":{"line":70,"column":64}},"18":{"start":{"line":74,"column":4},"end":{"line":85,"column":null}},"19":{"start":{"line":75,"column":6},"end":{"line":80,"column":9}},"20":{"start":{"line":82,"column":6},"end":{"line":82,"column":18}},"21":{"start":{"line":84,"column":6},"end":{"line":84,"column":19}},"22":{"start":{"line":11,"column":13},"end":{"line":87,"column":null}},"23":{"start":{"line":11,"column":13},"end":{"line":11,"column":36}}},"fnMap":{"0":{"name":"(anonymous_2)","decl":{"start":{"line":12,"column":2},"end":{"line":12,"column":31}},"loc":{"start":{"line":12,"column":53},"end":{"line":12,"column":57}}},"1":{"name":"(anonymous_3)","decl":{"start":{"line":14,"column":2},"end":{"line":14,"column":15}},"loc":{"start":{"line":14,"column":28},"end":{"line":17,"column":3}}},"2":{"name":"(anonymous_4)","decl":{"start":{"line":19,"column":2},"end":{"line":19,"column":15}},"loc":{"start":{"line":19,"column":28},"end":{"line":22,"column":3}}},"3":{"name":"(anonymous_5)","decl":{"start":{"line":24,"column":2},"end":{"line":24,"column":15}},"loc":{"start":{"line":24,"column":63},"end":{"line":26,"column":3}}},"4":{"name":"(anonymous_6)","decl":{"start":{"line":28,"column":2},"end":{"line":28,"column":15}},"loc":{"start":{"line":31,"column":14},"end":{"line":41,"column":3}}},"5":{"name":"(anonymous_7)","decl":{"start":{"line":43,"column":2},"end":{"line":43,"column":15}},"loc":{"start":{"line":46,"column":14},"end":{"line":56,"column":3}}},"6":{"name":"(anonymous_8)","decl":{"start":{"line":58,"column":2},"end":{"line":58,"column":12}},"loc":{"start":{"line":58,"column":69},"end":{"line":67,"column":3}}},"7":{"name":"(anonymous_9)","decl":{"start":{"line":69,"column":2},"end":{"line":69,"column":12}},"loc":{"start":{"line":69,"column":26},"end":{"line":71,"column":3}}},"8":{"name":"(anonymous_10)","decl":{"start":{"line":73,"column":2},"end":{"line":73,"column":11}},"loc":{"start":{"line":73,"column":59},"end":{"line":86,"column":3}}}},"branchMap":{"0":{"loc":{"start":{"line":62,"column":17},"end":{"line":62,"column":39}},"type":"binary-expr","locations":[{"start":{"line":62,"column":17},"end":{"line":62,"column":34}},{"start":{"line":62,"column":38},"end":{"line":62,"column":39}}]}},"s":{"0":2,"1":2,"2":2,"3":2,"4":35,"5":1,"6":1,"7":1,"8":1,"9":2,"10":4,"11":4,"12":4,"13":3,"14":3,"15":3,"16":1,"17":1,"18":2,"19":2,"20":1,"21":1,"22":2,"23":2},"f":{"0":35,"1":1,"2":1,"3":2,"4":4,"5":3,"6":1,"7":1,"8":2},"b":{"0":[1,1]}}
,"/Users/aliaksandrhrychonak/Desktop/tasks-ittransition/task4/backend/src/common/helper/services/helper.hash.service.ts": {"path":"/Users/aliaksandrhrychonak/Desktop/tasks-ittransition/task4/backend/src/common/helper/services/helper.hash.service.ts","statementMap":{"0":{"start":{"line":1,"column":0},"end":{"line":1,"column":44}},"1":{"start":{"line":2,"column":0},"end":{"line":2,"column":62}},"2":{"start":{"line":3,"column":0},"end":{"line":3,"column":40}},"3":{"start":{"line":7,"column":7},"end":{"line":27,"column":null}},"4":{"start":{"line":9,"column":4},"end":{"line":9,"column":31}},"5":{"start":{"line":13,"column":4},"end":{"line":13,"column":42}},"6":{"start":{"line":17,"column":4},"end":{"line":17,"column":55}},"7":{"start":{"line":21,"column":4},"end":{"line":21,"column":44}},"8":{"start":{"line":25,"column":4},"end":{"line":25,"column":31}},"9":{"start":{"line":7,"column":13},"end":{"line":27,"column":null}},"10":{"start":{"line":7,"column":13},"end":{"line":7,"column":30}}},"fnMap":{"0":{"name":"(anonymous_1)","decl":{"start":{"line":8,"column":2},"end":{"line":8,"column":12}},"loc":{"start":{"line":8,"column":27},"end":{"line":10,"column":3}}},"1":{"name":"(anonymous_2)","decl":{"start":{"line":12,"column":2},"end":{"line":12,"column":8}},"loc":{"start":{"line":12,"column":45},"end":{"line":14,"column":3}}},"2":{"name":"(anonymous_3)","decl":{"start":{"line":16,"column":2},"end":{"line":16,"column":15}},"loc":{"start":{"line":16,"column":62},"end":{"line":18,"column":3}}},"3":{"name":"(anonymous_4)","decl":{"start":{"line":20,"column":2},"end":{"line":20,"column":8}},"loc":{"start":{"line":20,"column":23},"end":{"line":22,"column":3}}},"4":{"name":"(anonymous_5)","decl":{"start":{"line":24,"column":2},"end":{"line":24,"column":15}},"loc":{"start":{"line":24,"column":48},"end":{"line":26,"column":3}}}},"branchMap":{},"s":{"0":2,"1":2,"2":2,"3":2,"4":2,"5":2,"6":4,"7":4,"8":2,"9":2,"10":2},"f":{"0":2,"1":2,"2":4,"3":4,"4":2},"b":{}}
,"/Users/aliaksandrhrychonak/Desktop/tasks-ittransition/task4/backend/src/common/helper/services/helper.number.service.ts": {"path":"/Users/aliaksandrhrychonak/Desktop/tasks-ittransition/task4/backend/src/common/helper/services/helper.number.service.ts","statementMap":{"0":{"start":{"line":1,"column":0},"end":{"line":1,"column":44}},"1":{"start":{"line":2,"column":0},"end":{"line":2,"column":40}},"2":{"start":{"line":6,"column":7},"end":{"line":33,"column":null}},"3":{"start":{"line":8,"column":18},"end":{"line":8,"column":27}},"4":{"start":{"line":9,"column":4},"end":{"line":9,"column":30}},"5":{"start":{"line":13,"column":4},"end":{"line":13,"column":26}},"6":{"start":{"line":17,"column":24},"end":{"line":17,"column":64}},"7":{"start":{"line":18,"column":24},"end":{"line":18,"column":64}},"8":{"start":{"line":19,"column":4},"end":{"line":19,"column":40}},"9":{"start":{"line":23,"column":4},"end":{"line":23,"column":42}},"10":{"start":{"line":27,"column":17},"end":{"line":27,"column":30}},"11":{"start":{"line":28,"column":4},"end":{"line":30,"column":null}},"12":{"start":{"line":29,"column":6},"end":{"line":29,"column":17}},"13":{"start":{"line":31,"column":4},"end":{"line":31,"column":56}},"14":{"start":{"line":6,"column":13},"end":{"line":33,"column":null}},"15":{"start":{"line":6,"column":13},"end":{"line":6,"column":32}}},"fnMap":{"0":{"name":"(anonymous_1)","decl":{"start":{"line":7,"column":2},"end":{"line":7,"column":7}},"loc":{"start":{"line":7,"column":22},"end":{"line":10,"column":3}}},"1":{"name":"(anonymous_2)","decl":{"start":{"line":12,"column":2},"end":{"line":12,"column":8}},"loc":{"start":{"line":12,"column":23},"end":{"line":14,"column":3}}},"2":{"name":"(anonymous_3)","decl":{"start":{"line":16,"column":2},"end":{"line":16,"column":8}},"loc":{"start":{"line":16,"column":23},"end":{"line":20,"column":3}}},"3":{"name":"(anonymous_4)","decl":{"start":{"line":22,"column":2},"end":{"line":22,"column":15}},"loc":{"start":{"line":22,"column":40},"end":{"line":24,"column":3}}},"4":{"name":"(anonymous_5)","decl":{"start":{"line":26,"column":2},"end":{"line":26,"column":9}},"loc":{"start":{"line":26,"column":38},"end":{"line":32,"column":3}}}},"branchMap":{"0":{"loc":{"start":{"line":28,"column":4},"end":{"line":30,"column":null}},"type":"if","locations":[{"start":{"line":28,"column":4},"end":{"line":30,"column":null}}]},"1":{"loc":{"start":{"line":28,"column":8},"end":{"line":28,"column":56}},"type":"binary-expr","locations":[{"start":{"line":28,"column":8},"end":{"line":28,"column":28}},{"start":{"line":28,"column":32},"end":{"line":28,"column":56}}]}},"s":{"0":1,"1":1,"2":1,"3":2,"4":2,"5":1,"6":2,"7":2,"8":2,"9":4,"10":4,"11":4,"12":2,"13":4,"14":1,"15":1},"f":{"0":2,"1":1,"2":2,"3":4,"4":4},"b":{"0":[2],"1":[4,3]}}
,"/Users/aliaksandrhrychonak/Desktop/tasks-ittransition/task4/backend/src/common/helper/services/helper.string.service.ts": {"path":"/Users/aliaksandrhrychonak/Desktop/tasks-ittransition/task4/backend/src/common/helper/services/helper.string.service.ts","statementMap":{"0":{"start":{"line":1,"column":0},"end":{"line":1,"column":44}},"1":{"start":{"line":2,"column":0},"end":{"line":2,"column":40}},"2":{"start":{"line":7,"column":7},"end":{"line":84,"column":null}},"3":{"start":{"line":9,"column":18},"end":{"line":9,"column":32}},"4":{"start":{"line":10,"column":4},"end":{"line":10,"column":29}},"5":{"start":{"line":14,"column":22},"end":{"line":14,"column":47}},"6":{"start":{"line":15,"column":33},"end":{"line":18,"column":6}},"7":{"start":{"line":20,"column":4},"end":{"line":22,"column":38}},"8":{"start":{"line":26,"column":20},"end":{"line":38,"column":10}},"9":{"start":{"line":40,"column":4},"end":{"line":40,"column":64}},"10":{"start":{"line":44,"column":4},"end":{"line":44,"column":38}},"11":{"start":{"line":45,"column":19},"end":{"line":45,"column":31}},"12":{"start":{"line":46,"column":4},"end":{"line":48,"column":null}},"13":{"start":{"line":47,"column":6},"end":{"line":47,"column":19}},"14":{"start":{"line":50,"column":16},"end":{"line":50,"column":39}},"15":{"start":{"line":51,"column":25},"end":{"line":51,"column":56}},"16":{"start":{"line":52,"column":26},"end":{"line":52,"column":54}},"17":{"start":{"line":53,"column":4},"end":{"line":53,"column":45}},"18":{"start":{"line":57,"column":18},"end":{"line":57,"column":38}},"19":{"start":{"line":59,"column":4},"end":{"line":59,"column":32}},"20":{"start":{"line":63,"column":18},"end":{"line":64,"column":null}},"21":{"start":{"line":67,"column":4},"end":{"line":67,"column":32}},"22":{"start":{"line":71,"column":18},"end":{"line":74,"column":null}},"23":{"start":{"line":77,"column":4},"end":{"line":77,"column":32}},"24":{"start":{"line":81,"column":18},"end":{"line":81,"column":48}},"25":{"start":{"line":82,"column":4},"end":{"line":82,"column":28}},"26":{"start":{"line":7,"column":13},"end":{"line":84,"column":null}},"27":{"start":{"line":7,"column":13},"end":{"line":7,"column":32}}},"fnMap":{"0":{"name":"(anonymous_1)","decl":{"start":{"line":8,"column":2},"end":{"line":8,"column":12}},"loc":{"start":{"line":8,"column":26},"end":{"line":11,"column":3}}},"1":{"name":"(anonymous_2)","decl":{"start":{"line":13,"column":2},"end":{"line":13,"column":17}},"loc":{"start":{"line":13,"column":49},"end":{"line":23,"column":3}}},"2":{"name":"(anonymous_3)","decl":{"start":{"line":25,"column":2},"end":{"line":25,"column":8}},"loc":{"start":{"line":25,"column":61},"end":{"line":41,"column":3}}},"3":{"name":"(anonymous_4)","decl":{"start":{"line":43,"column":2},"end":{"line":43,"column":8}},"loc":{"start":{"line":43,"column":22},"end":{"line":54,"column":3}}},"4":{"name":"(anonymous_5)","decl":{"start":{"line":56,"column":2},"end":{"line":56,"column":19}},"loc":{"start":{"line":56,"column":54},"end":{"line":60,"column":3}}},"5":{"name":"(anonymous_6)","decl":{"start":{"line":62,"column":2},"end":{"line":62,"column":21}},"loc":{"start":{"line":62,"column":55},"end":{"line":68,"column":3}}},"6":{"name":"(anonymous_7)","decl":{"start":{"line":70,"column":2},"end":{"line":70,"column":21}},"loc":{"start":{"line":70,"column":55},"end":{"line":78,"column":3}}},"7":{"name":"(anonymous_8)","decl":{"start":{"line":80,"column":2},"end":{"line":80,"column":17}},"loc":{"start":{"line":80,"column":30},"end":{"line":83,"column":3}}}},"branchMap":{"0":{"loc":{"start":{"line":20,"column":11},"end":{"line":22,"column":37}},"type":"cond-expr","locations":[{"start":{"line":21,"column":8},"end":{"line":21,"column":47}},{"start":{"line":22,"column":8},"end":{"line":22,"column":37}}]},"1":{"loc":{"start":{"line":26,"column":20},"end":{"line":38,"column":10}},"type":"cond-expr","locations":[{"start":{"line":27,"column":8},"end":{"line":32,"column":10}},{"start":{"line":33,"column":8},"end":{"line":38,"column":10}}]},"2":{"loc":{"start":{"line":40,"column":11},"end":{"line":40,"column":63}},"type":"cond-expr","locations":[{"start":{"line":40,"column":32},"end":{"line":40,"column":53}},{"start":{"line":40,"column":56},"end":{"line":40,"column":63}}]},"3":{"loc":{"start":{"line":46,"column":4},"end":{"line":48,"column":null}},"type":"if","locations":[{"start":{"line":46,"column":4},"end":{"line":48,"column":null}}]},"4":{"loc":{"start":{"line":51,"column":36},"end":{"line":51,"column":55}},"type":"cond-expr","locations":[{"start":{"line":51,"column":47},"end":{"line":51,"column":49}},{"start":{"line":51,"column":52},"end":{"line":51,"column":55}}]},"5":{"loc":{"start":{"line":64,"column":48},"end":{"line":64,"column":59}},"type":"binary-expr","locations":[{"start":{"line":64,"column":48},"end":{"line":64,"column":54}},{"start":{"line":64,"column":58},"end":{"line":64,"column":59}}]},"6":{"loc":{"start":{"line":73,"column":8},"end":{"line":73,"column":null}},"type":"binary-expr","locations":[{"start":{"line":73,"column":8},"end":{"line":73,"column":14}},{"start":{"line":73,"column":18},"end":{"line":73,"column":null}}]}},"s":{"0":2,"1":2,"2":2,"3":2,"4":2,"5":2,"6":2,"7":2,"8":5,"9":5,"10":4,"11":4,"12":4,"13":1,"14":3,"15":3,"16":3,"17":3,"18":2,"19":2,"20":2,"21":2,"22":2,"23":2,"24":2,"25":2,"26":2,"27":2},"f":{"0":2,"1":2,"2":5,"3":4,"4":2,"5":2,"6":2,"7":2},"b":{"0":[1,1],"1":[3,2],"2":[3,2],"3":[1],"4":[1,2],"5":[2,2],"6":[2,2]}}
}
