TN:
SF:src/common/auth/services/auth.service.ts
FN:33,(anonymous_2)
FN:66,(anonymous_3)
FN:74,(anonymous_4)
FN:82,(anonymous_5)
FN:96,(anonymous_6)
FN:105,(anonymous_7)
FN:109,(anonymous_8)
FN:117,(anonymous_9)
FN:125,(anonymous_10)
FN:142,(anonymous_11)
FN:151,(anonymous_12)
FN:155,(anonymous_13)
FN:159,(anonymous_14)
FN:163,(anonymous_15)
FN:171,(anonymous_16)
FN:175,(anonymous_17)
FN:189,(anonymous_18)
FN:193,(anonymous_19)
FN:200,(anonymous_20)
FN:204,(anonymous_21)
FN:208,(anonymous_22)
FN:212,(anonymous_23)
FN:216,(anonymous_24)
FN:220,(anonymous_25)
FN:224,(anonymous_26)
FNF:25
FNH:25
FNDA:24,(anonymous_2)
FNDA:1,(anonymous_3)
FNDA:1,(anonymous_4)
FNDA:1,(anonymous_5)
FNDA:1,(anonymous_6)
FNDA:1,(anonymous_7)
FNDA:1,(anonymous_8)
FNDA:1,(anonymous_9)
FNDA:1,(anonymous_10)
FNDA:1,(anonymous_11)
FNDA:1,(anonymous_12)
FNDA:2,(anonymous_13)
FNDA:1,(anonymous_14)
FNDA:1,(anonymous_15)
FNDA:1,(anonymous_16)
FNDA:1,(anonymous_17)
FNDA:1,(anonymous_18)
FNDA:1,(anonymous_19)
FNDA:1,(anonymous_20)
FNDA:1,(anonymous_21)
FNDA:1,(anonymous_22)
FNDA:1,(anonymous_23)
FNDA:1,(anonymous_24)
FNDA:1,(anonymous_25)
FNDA:1,(anonymous_26)
DA:1,1
DA:2,1
DA:5,1
DA:6,1
DA:7,1
DA:8,1
DA:11,1
DA:34,24
DA:35,24
DA:36,24
DA:37,24
DA:38,24
DA:40,24
DA:41,24
DA:42,24
DA:45,24
DA:46,24
DA:48,24
DA:49,24
DA:50,24
DA:53,24
DA:54,24
DA:56,24
DA:57,24
DA:58,24
DA:59,24
DA:60,24
DA:62,24
DA:63,24
DA:67,1
DA:75,1
DA:83,1
DA:97,1
DA:106,1
DA:110,1
DA:118,1
DA:129,1
DA:143,1
DA:152,1
DA:156,2
DA:160,1
DA:164,1
DA:172,1
DA:176,1
DA:178,1
DA:179,1
DA:180,1
DA:181,1
DA:190,1
DA:194,1
DA:195,1
DA:197,1
DA:201,1
DA:205,1
DA:209,1
DA:213,1
DA:217,1
DA:221,1
DA:225,1
LF:59
LH:59
BRDA:134,0,0,1
BRDA:134,0,1,1
BRF:2
BRH:2
end_of_record
TN:
SF:src/common/helper/services/helper.array.service.ts
FN:8,(anonymous_1)
FN:12,(anonymous_2)
FN:16,(anonymous_3)
FN:20,(anonymous_4)
FN:24,(anonymous_5)
FN:28,(anonymous_6)
FN:32,(anonymous_7)
FN:36,(anonymous_8)
FN:40,(anonymous_9)
FN:41,(anonymous_10)
FN:48,(anonymous_11)
FN:52,(anonymous_12)
FN:56,(anonymous_13)
FN:60,(anonymous_14)
FN:64,(anonymous_15)
FN:68,(anonymous_16)
FN:72,(anonymous_17)
FN:76,(anonymous_18)
FN:80,(anonymous_19)
FN:81,(anonymous_20)
FN:84,(anonymous_21)
FN:88,(anonymous_22)
FN:92,(anonymous_23)
FN:96,(anonymous_24)
FN:100,(anonymous_25)
FN:104,(anonymous_26)
FN:108,(anonymous_27)
FN:112,(anonymous_28)
FN:116,(anonymous_29)
FN:120,(anonymous_30)
FN:124,(anonymous_31)
FNF:31
FNH:28
FNDA:1,(anonymous_1)
FNDA:1,(anonymous_2)
FNDA:1,(anonymous_3)
FNDA:1,(anonymous_4)
FNDA:1,(anonymous_5)
FNDA:1,(anonymous_6)
FNDA:1,(anonymous_7)
FNDA:1,(anonymous_8)
FNDA:1,(anonymous_9)
FNDA:4,(anonymous_10)
FNDA:1,(anonymous_11)
FNDA:1,(anonymous_12)
FNDA:1,(anonymous_13)
FNDA:0,(anonymous_14)
FNDA:1,(anonymous_15)
FNDA:1,(anonymous_16)
FNDA:1,(anonymous_17)
FNDA:1,(anonymous_18)
FNDA:1,(anonymous_19)
FNDA:3,(anonymous_20)
FNDA:1,(anonymous_21)
FNDA:1,(anonymous_22)
FNDA:1,(anonymous_23)
FNDA:2,(anonymous_24)
FNDA:2,(anonymous_25)
FNDA:2,(anonymous_26)
FNDA:2,(anonymous_27)
FNDA:2,(anonymous_28)
FNDA:1,(anonymous_29)
FNDA:0,(anonymous_30)
FNDA:0,(anonymous_31)
DA:1,1
DA:2,1
DA:7,1
DA:9,1
DA:13,1
DA:17,1
DA:21,1
DA:25,1
DA:29,1
DA:33,1
DA:37,1
DA:41,1
DA:42,4
DA:45,1
DA:49,1
DA:53,1
DA:57,1
DA:61,0
DA:65,1
DA:69,1
DA:73,1
DA:77,1
DA:81,3
DA:85,1
DA:89,1
DA:93,1
DA:97,2
DA:101,2
DA:105,2
DA:109,2
DA:113,2
DA:117,1
DA:121,0
DA:125,0
LF:34
LH:31
BRF:0
BRH:0
end_of_record
TN:
SF:src/common/helper/services/helper.date.service.ts
FN:19,(anonymous_1)
FN:29,(anonymous_2)
FN:47,(anonymous_3)
FN:51,(anonymous_4)
FN:55,(anonymous_5)
FN:59,(anonymous_6)
FN:69,(anonymous_7)
FN:79,(anonymous_8)
FN:83,(anonymous_9)
FN:87,(anonymous_10)
FN:91,(anonymous_11)
FN:95,(anonymous_12)
FN:99,(anonymous_13)
FN:103,(anonymous_14)
FN:107,(anonymous_15)
FN:111,(anonymous_16)
FN:115,(anonymous_17)
FN:119,(anonymous_18)
FN:123,(anonymous_19)
FN:127,(anonymous_20)
FN:131,(anonymous_21)
FN:135,(anonymous_22)
FN:139,(anonymous_23)
FN:143,(anonymous_24)
FN:147,(anonymous_25)
FN:151,(anonymous_26)
FN:155,(anonymous_27)
FN:175,(anonymous_28)
FN:193,(anonymous_29)
FNF:29
FNH:29
FNDA:1,(anonymous_1)
FNDA:5,(anonymous_2)
FNDA:2,(anonymous_3)
FNDA:3,(anonymous_4)
FNDA:1,(anonymous_5)
FNDA:9,(anonymous_6)
FNDA:2,(anonymous_7)
FNDA:5,(anonymous_8)
FNDA:1,(anonymous_9)
FNDA:1,(anonymous_10)
FNDA:2,(anonymous_11)
FNDA:1,(anonymous_12)
FNDA:1,(anonymous_13)
FNDA:1,(anonymous_14)
FNDA:1,(anonymous_15)
FNDA:1,(anonymous_16)
FNDA:1,(anonymous_17)
FNDA:1,(anonymous_18)
FNDA:1,(anonymous_19)
FNDA:1,(anonymous_20)
FNDA:1,(anonymous_21)
FNDA:1,(anonymous_22)
FNDA:1,(anonymous_23)
FNDA:1,(anonymous_24)
FNDA:1,(anonymous_25)
FNDA:1,(anonymous_26)
FNDA:1,(anonymous_27)
FNDA:1,(anonymous_28)
FNDA:2,(anonymous_29)
DA:1,2
DA:2,2
DA:3,2
DA:18,2
DA:20,1
DA:22,1
DA:23,1
DA:26,1
DA:30,5
DA:31,5
DA:32,5
DA:34,5
DA:35,1
DA:36,4
DA:37,1
DA:38,3
DA:39,1
DA:40,2
DA:41,1
DA:43,1
DA:48,2
DA:52,3
DA:56,1
DA:60,9
DA:62,9
DA:63,2
DA:66,9
DA:70,2
DA:72,2
DA:73,1
DA:76,2
DA:80,5
DA:84,1
DA:88,1
DA:92,2
DA:96,1
DA:100,1
DA:104,1
DA:108,1
DA:112,1
DA:116,1
DA:120,1
DA:124,1
DA:128,1
DA:132,1
DA:136,1
DA:140,1
DA:144,1
DA:148,1
DA:152,1
DA:156,1
DA:157,1
DA:160,1
DA:163,1
DA:167,1
DA:176,1
DA:178,1
DA:179,1
DA:182,1
DA:183,1
DA:186,1
DA:187,1
DA:190,1
DA:194,2
DA:195,2
DA:196,2
DA:198,2
DA:199,2
DA:201,2
DA:202,2
DA:203,2
DA:205,2
DA:206,1
DA:207,1
DA:208,1
DA:211,2
LF:76
LH:76
BRDA:22,0,0,1
BRDA:34,1,0,1
BRDA:34,1,1,4
BRDA:36,2,0,1
BRDA:36,2,1,3
BRDA:38,3,0,1
BRDA:38,3,1,2
BRDA:40,4,0,1
BRDA:40,4,1,1
BRDA:60,5,0,9
BRDA:60,5,1,5
BRDA:62,6,0,2
BRDA:70,7,0,2
BRDA:70,7,1,1
BRDA:72,8,0,1
BRDA:80,9,0,5
BRDA:80,9,1,1
BRDA:178,10,0,1
BRDA:182,11,0,1
BRDA:186,12,0,1
BRDA:198,13,0,2
BRDA:198,13,1,1
BRDA:199,14,0,2
BRDA:199,14,1,1
BRDA:205,15,0,1
BRF:25
BRH:25
end_of_record
TN:
SF:src/common/helper/services/helper.encryption.service.ts
FN:12,(anonymous_2)
FN:14,(anonymous_3)
FN:19,(anonymous_4)
FN:24,(anonymous_5)
FN:28,(anonymous_6)
FN:43,(anonymous_7)
FN:58,(anonymous_8)
FN:69,(anonymous_9)
FN:73,(anonymous_10)
FNF:9
FNH:9
FNDA:35,(anonymous_2)
FNDA:1,(anonymous_3)
FNDA:1,(anonymous_4)
FNDA:2,(anonymous_5)
FNDA:4,(anonymous_6)
FNDA:3,(anonymous_7)
FNDA:1,(anonymous_8)
FNDA:1,(anonymous_9)
FNDA:2,(anonymous_10)
DA:1,2
DA:2,2
DA:3,2
DA:11,2
DA:12,35
DA:15,1
DA:16,1
DA:20,1
DA:21,1
DA:25,2
DA:33,4
DA:34,4
DA:40,4
DA:48,3
DA:49,3
DA:55,3
DA:59,1
DA:70,1
DA:74,2
DA:75,2
DA:82,1
DA:84,1
LF:22
LH:22
BRDA:62,0,0,1
BRDA:62,0,1,1
BRF:2
BRH:2
end_of_record
TN:
SF:src/common/helper/services/helper.hash.service.ts
FN:8,(anonymous_1)
FN:12,(anonymous_2)
FN:16,(anonymous_3)
FN:20,(anonymous_4)
FN:24,(anonymous_5)
FNF:5
FNH:5
FNDA:2,(anonymous_1)
FNDA:2,(anonymous_2)
FNDA:4,(anonymous_3)
FNDA:4,(anonymous_4)
FNDA:2,(anonymous_5)
DA:1,2
DA:2,2
DA:3,2
DA:7,2
DA:9,2
DA:13,2
DA:17,4
DA:21,4
DA:25,2
LF:9
LH:9
BRF:0
BRH:0
end_of_record
TN:
SF:src/common/helper/services/helper.number.service.ts
FN:7,(anonymous_1)
FN:12,(anonymous_2)
FN:16,(anonymous_3)
FN:22,(anonymous_4)
FN:26,(anonymous_5)
FNF:5
FNH:5
FNDA:2,(anonymous_1)
FNDA:1,(anonymous_2)
FNDA:2,(anonymous_3)
FNDA:4,(anonymous_4)
FNDA:4,(anonymous_5)
DA:1,1
DA:2,1
DA:6,1
DA:8,2
DA:9,2
DA:13,1
DA:17,2
DA:18,2
DA:19,2
DA:23,4
DA:27,4
DA:28,4
DA:29,2
DA:31,4
LF:14
LH:14
BRDA:28,0,0,2
BRDA:28,1,0,4
BRDA:28,1,1,3
BRF:3
BRH:3
end_of_record
TN:
SF:src/common/helper/services/helper.string.service.ts
FN:8,(anonymous_1)
FN:13,(anonymous_2)
FN:25,(anonymous_3)
FN:43,(anonymous_4)
FN:56,(anonymous_5)
FN:62,(anonymous_6)
FN:70,(anonymous_7)
FN:80,(anonymous_8)
FNF:8
FNH:8
FNDA:2,(anonymous_1)
FNDA:2,(anonymous_2)
FNDA:5,(anonymous_3)
FNDA:4,(anonymous_4)
FNDA:2,(anonymous_5)
FNDA:2,(anonymous_6)
FNDA:2,(anonymous_7)
FNDA:2,(anonymous_8)
DA:1,2
DA:2,2
DA:7,2
DA:9,2
DA:10,2
DA:14,2
DA:15,2
DA:20,2
DA:26,5
DA:40,5
DA:44,4
DA:45,4
DA:46,4
DA:47,1
DA:50,3
DA:51,3
DA:52,3
DA:53,3
DA:57,2
DA:59,2
DA:63,2
DA:67,2
DA:71,2
DA:77,2
DA:81,2
DA:82,2
LF:26
LH:26
BRDA:20,0,0,1
BRDA:20,0,1,1
BRDA:26,1,0,3
BRDA:26,1,1,2
BRDA:40,2,0,3
BRDA:40,2,1,2
BRDA:46,3,0,1
BRDA:51,4,0,1
BRDA:51,4,1,2
BRDA:64,5,0,2
BRDA:64,5,1,2
BRDA:73,6,0,2
BRDA:73,6,1,2
BRF:13
BRH:13
end_of_record
